[01-Jun-2024 14:36:03 Europe/Ljubljana] PHP Fatal error:  Uncaught TypeError: mysqli_fetch_array(): Argument #1 ($result) must be of type mysqli_result, bool given in /home/jayram/techy-trgovina/admin/vstavi_up.php:75
Stack trace:
#0 /home/jayram/techy-trgovina/admin/vstavi_up.php(75): mysqli_fetch_array()
#1 {main}
  thrown in /home/jayram/techy-trgovina/admin/vstavi_up.php on line 75
[02-Jun-2024 10:21:44 Europe/Ljubljana] PHP Warning:  Undefined variable $id in /home/jayram/techy-trgovina/admin/posodobi_up.php on line 73
[02-Jun-2024 10:21:44 Europe/Ljubljana] PHP Warning:  Undefined variable $ime in /home/jayram/techy-trgovina/admin/posodobi_up.php on line 74
[02-Jun-2024 10:21:44 Europe/Ljubljana] PHP Warning:  Undefined variable $priimek in /home/jayram/techy-trgovina/admin/posodobi_up.php on line 75
[02-Jun-2024 10:21:44 Europe/Ljubljana] PHP Warning:  Undefined variable $mail in /home/jayram/techy-trgovina/admin/posodobi_up.php on line 76
[02-Jun-2024 10:21:44 Europe/Ljubljana] PHP Warning:  Undefined variable $tel in /home/jayram/techy-trgovina/admin/posodobi_up.php on line 77
[02-Jun-2024 10:21:44 Europe/Ljubljana] PHP Warning:  Undefined variable $naslov in /home/jayram/techy-trgovina/admin/posodobi_up.php on line 78
[02-Jun-2024 10:21:44 Europe/Ljubljana] PHP Warning:  Undefined variable $geslo in /home/jayram/techy-trgovina/admin/posodobi_up.php on line 79
[02-Jun-2024 10:21:44 Europe/Ljubljana] PHP Warning:  Undefined variable $kraj_id in /home/jayram/techy-trgovina/admin/posodobi_up.php on line 82
[02-Jun-2024 10:21:44 Europe/Ljubljana] PHP Warning:  Undefined variable $kraj_id in /home/jayram/techy-trgovina/admin/posodobi_up.php on line 82
[02-Jun-2024 10:21:44 Europe/Ljubljana] PHP Warning:  Undefined variable $kraj_id in /home/jayram/techy-trgovina/admin/posodobi_up.php on line 82
[02-Jun-2024 10:21:44 Europe/Ljubljana] PHP Warning:  Undefined variable $kraj_id in /home/jayram/techy-trgovina/admin/posodobi_up.php on line 82
[02-Jun-2024 10:21:44 Europe/Ljubljana] PHP Warning:  Undefined variable $kraj_id in /home/jayram/techy-trgovina/admin/posodobi_up.php on line 82
[02-Jun-2024 10:21:44 Europe/Ljubljana] PHP Warning:  Undefined variable $kraj_id in /home/jayram/techy-trgovina/admin/posodobi_up.php on line 82
[02-Jun-2024 10:21:44 Europe/Ljubljana] PHP Warning:  Undefined variable $vrsta_up_id in /home/jayram/techy-trgovina/admin/posodobi_up.php on line 88
[02-Jun-2024 10:21:44 Europe/Ljubljana] PHP Warning:  Undefined variable $vrsta_up_id in /home/jayram/techy-trgovina/admin/posodobi_up.php on line 88
[02-Jun-2024 10:22:40 Europe/Ljubljana] PHP Warning:  Undefined variable $id in /home/jayram/techy-trgovina/admin/posodobi_up.php on line 104
[02-Jun-2024 10:22:40 Europe/Ljubljana] PHP Warning:  Undefined variable $ime in /home/jayram/techy-trgovina/admin/posodobi_up.php on line 105
[02-Jun-2024 10:22:40 Europe/Ljubljana] PHP Warning:  Undefined variable $priimek in /home/jayram/techy-trgovina/admin/posodobi_up.php on line 106
[02-Jun-2024 10:22:40 Europe/Ljubljana] PHP Warning:  Undefined variable $mail in /home/jayram/techy-trgovina/admin/posodobi_up.php on line 107
[02-Jun-2024 10:22:40 Europe/Ljubljana] PHP Warning:  Undefined variable $tel in /home/jayram/techy-trgovina/admin/posodobi_up.php on line 108
[02-Jun-2024 10:22:40 Europe/Ljubljana] PHP Warning:  Undefined variable $naslov in /home/jayram/techy-trgovina/admin/posodobi_up.php on line 109
[02-Jun-2024 10:22:40 Europe/Ljubljana] PHP Warning:  Undefined variable $geslo in /home/jayram/techy-trgovina/admin/posodobi_up.php on line 110
[02-Jun-2024 10:22:40 Europe/Ljubljana] PHP Warning:  Undefined variable $kraj_id in /home/jayram/techy-trgovina/admin/posodobi_up.php on line 113
[02-Jun-2024 10:22:40 Europe/Ljubljana] PHP Warning:  Undefined variable $kraj_id in /home/jayram/techy-trgovina/admin/posodobi_up.php on line 113
[02-Jun-2024 10:22:40 Europe/Ljubljana] PHP Warning:  Undefined variable $kraj_id in /home/jayram/techy-trgovina/admin/posodobi_up.php on line 113
[02-Jun-2024 10:22:40 Europe/Ljubljana] PHP Warning:  Undefined variable $kraj_id in /home/jayram/techy-trgovina/admin/posodobi_up.php on line 113
[02-Jun-2024 10:22:40 Europe/Ljubljana] PHP Warning:  Undefined variable $kraj_id in /home/jayram/techy-trgovina/admin/posodobi_up.php on line 113
[02-Jun-2024 10:22:40 Europe/Ljubljana] PHP Warning:  Undefined variable $kraj_id in /home/jayram/techy-trgovina/admin/posodobi_up.php on line 113
[02-Jun-2024 10:22:40 Europe/Ljubljana] PHP Warning:  Undefined variable $vrsta_up_id in /home/jayram/techy-trgovina/admin/posodobi_up.php on line 119
[02-Jun-2024 10:22:40 Europe/Ljubljana] PHP Warning:  Undefined variable $vrsta_up_id in /home/jayram/techy-trgovina/admin/posodobi_up.php on line 119
[02-Jun-2024 10:22:41 Europe/Ljubljana] PHP Warning:  Undefined variable $id in /home/jayram/techy-trgovina/admin/posodobi_up.php on line 104
[02-Jun-2024 10:22:41 Europe/Ljubljana] PHP Warning:  Undefined variable $ime in /home/jayram/techy-trgovina/admin/posodobi_up.php on line 105
[02-Jun-2024 10:22:41 Europe/Ljubljana] PHP Warning:  Undefined variable $priimek in /home/jayram/techy-trgovina/admin/posodobi_up.php on line 106
[02-Jun-2024 10:22:41 Europe/Ljubljana] PHP Warning:  Undefined variable $mail in /home/jayram/techy-trgovina/admin/posodobi_up.php on line 107
[02-Jun-2024 10:22:41 Europe/Ljubljana] PHP Warning:  Undefined variable $tel in /home/jayram/techy-trgovina/admin/posodobi_up.php on line 108
[02-Jun-2024 10:22:41 Europe/Ljubljana] PHP Warning:  Undefined variable $naslov in /home/jayram/techy-trgovina/admin/posodobi_up.php on line 109
[02-Jun-2024 10:22:41 Europe/Ljubljana] PHP Warning:  Undefined variable $geslo in /home/jayram/techy-trgovina/admin/posodobi_up.php on line 110
[02-Jun-2024 10:22:41 Europe/Ljubljana] PHP Warning:  Undefined variable $kraj_id in /home/jayram/techy-trgovina/admin/posodobi_up.php on line 113
[02-Jun-2024 10:22:41 Europe/Ljubljana] PHP Warning:  Undefined variable $kraj_id in /home/jayram/techy-trgovina/admin/posodobi_up.php on line 113
[02-Jun-2024 10:22:41 Europe/Ljubljana] PHP Warning:  Undefined variable $kraj_id in /home/jayram/techy-trgovina/admin/posodobi_up.php on line 113
[02-Jun-2024 10:22:41 Europe/Ljubljana] PHP Warning:  Undefined variable $kraj_id in /home/jayram/techy-trgovina/admin/posodobi_up.php on line 113
[02-Jun-2024 10:22:41 Europe/Ljubljana] PHP Warning:  Undefined variable $kraj_id in /home/jayram/techy-trgovina/admin/posodobi_up.php on line 113
[02-Jun-2024 10:22:41 Europe/Ljubljana] PHP Warning:  Undefined variable $kraj_id in /home/jayram/techy-trgovina/admin/posodobi_up.php on line 113
[02-Jun-2024 10:22:41 Europe/Ljubljana] PHP Warning:  Undefined variable $vrsta_up_id in /home/jayram/techy-trgovina/admin/posodobi_up.php on line 119
[02-Jun-2024 10:22:41 Europe/Ljubljana] PHP Warning:  Undefined variable $vrsta_up_id in /home/jayram/techy-trgovina/admin/posodobi_up.php on line 119
[02-Jun-2024 10:22:54 Europe/Ljubljana] PHP Warning:  Undefined variable $id in /home/jayram/techy-trgovina/admin/posodobi_up.php on line 104
[02-Jun-2024 10:22:54 Europe/Ljubljana] PHP Warning:  Undefined variable $ime in /home/jayram/techy-trgovina/admin/posodobi_up.php on line 105
[02-Jun-2024 10:22:54 Europe/Ljubljana] PHP Warning:  Undefined variable $priimek in /home/jayram/techy-trgovina/admin/posodobi_up.php on line 106
[02-Jun-2024 10:22:54 Europe/Ljubljana] PHP Warning:  Undefined variable $mail in /home/jayram/techy-trgovina/admin/posodobi_up.php on line 107
[02-Jun-2024 10:22:54 Europe/Ljubljana] PHP Warning:  Undefined variable $tel in /home/jayram/techy-trgovina/admin/posodobi_up.php on line 108
[02-Jun-2024 10:22:54 Europe/Ljubljana] PHP Warning:  Undefined variable $naslov in /home/jayram/techy-trgovina/admin/posodobi_up.php on line 109
[02-Jun-2024 10:22:54 Europe/Ljubljana] PHP Warning:  Undefined variable $geslo in /home/jayram/techy-trgovina/admin/posodobi_up.php on line 110
[02-Jun-2024 10:22:54 Europe/Ljubljana] PHP Warning:  Undefined variable $kraj_id in /home/jayram/techy-trgovina/admin/posodobi_up.php on line 113
[02-Jun-2024 10:22:54 Europe/Ljubljana] PHP Warning:  Undefined variable $kraj_id in /home/jayram/techy-trgovina/admin/posodobi_up.php on line 113
[02-Jun-2024 10:22:54 Europe/Ljubljana] PHP Warning:  Undefined variable $kraj_id in /home/jayram/techy-trgovina/admin/posodobi_up.php on line 113
[02-Jun-2024 10:22:54 Europe/Ljubljana] PHP Warning:  Undefined variable $kraj_id in /home/jayram/techy-trgovina/admin/posodobi_up.php on line 113
[02-Jun-2024 10:22:54 Europe/Ljubljana] PHP Warning:  Undefined variable $kraj_id in /home/jayram/techy-trgovina/admin/posodobi_up.php on line 113
[02-Jun-2024 10:22:54 Europe/Ljubljana] PHP Warning:  Undefined variable $kraj_id in /home/jayram/techy-trgovina/admin/posodobi_up.php on line 113
[02-Jun-2024 10:22:54 Europe/Ljubljana] PHP Warning:  Undefined variable $vrsta_up_id in /home/jayram/techy-trgovina/admin/posodobi_up.php on line 119
[02-Jun-2024 10:22:54 Europe/Ljubljana] PHP Warning:  Undefined variable $vrsta_up_id in /home/jayram/techy-trgovina/admin/posodobi_up.php on line 119
[02-Jun-2024 10:40:36 Europe/Ljubljana] PHP Fatal error:  Uncaught TypeError: mysqli_fetch_array(): Argument #1 ($result) must be of type mysqli_result, bool given in /home/jayram/techy-trgovina/admin/vstavi_up.php:87
Stack trace:
#0 /home/jayram/techy-trgovina/admin/vstavi_up.php(87): mysqli_fetch_array()
#1 {main}
  thrown in /home/jayram/techy-trgovina/admin/vstavi_up.php on line 87
[02-Jun-2024 10:40:53 Europe/Ljubljana] PHP Fatal error:  Uncaught TypeError: mysqli_fetch_array(): Argument #1 ($result) must be of type mysqli_result, bool given in /home/jayram/techy-trgovina/admin/vstavi_up.php:87
Stack trace:
#0 /home/jayram/techy-trgovina/admin/vstavi_up.php(87): mysqli_fetch_array()
#1 {main}
  thrown in /home/jayram/techy-trgovina/admin/vstavi_up.php on line 87
